<?xml version="1.0" encoding="UTF-8"?>
<testsuite name="com.gorest.cucumber.CucumberRunner" time="1.01" tests="20" errors="0" skipped="0" failures="0">
  <properties>
    <property name="idea.version" value="2022.2.2"/>
    <property name="java.runtime.name" value="Java(TM) SE Runtime Environment"/>
    <property name="sun.boot.library.path" value="C:\Program Files\Java\jdk1.8.0_121\jre\bin"/>
    <property name="java.vm.version" value="25.121-b13"/>
    <property name="java.vm.vendor" value="Oracle Corporation"/>
    <property name="maven.multiModuleProjectDirectory" value="C:\Users\lenovo x1 carbon\IdeaProjects\week19-gorest-project"/>
    <property name="java.vendor.url" value="http://java.oracle.com/"/>
    <property name="path.separator" value=";"/>
    <property name="guice.disable.misplaced.annotation.check" value="true"/>
    <property name="java.vm.name" value="Java HotSpot(TM) 64-Bit Server VM"/>
    <property name="file.encoding.pkg" value="sun.io"/>
    <property name="user.script" value=""/>
    <property name="user.country" value="GB"/>
    <property name="sun.java.launcher" value="SUN_STANDARD"/>
    <property name="sun.os.patch.level" value=""/>
    <property name="java.vm.specification.name" value="Java Virtual Machine Specification"/>
    <property name="user.dir" value="C:\Users\lenovo x1 carbon\IdeaProjects\week19-gorest-project"/>
    <property name="java.runtime.version" value="1.8.0_121-b13"/>
    <property name="java.awt.graphicsenv" value="sun.awt.Win32GraphicsEnvironment"/>
    <property name="java.endorsed.dirs" value="C:\Program Files\Java\jdk1.8.0_121\jre\lib\endorsed"/>
    <property name="os.arch" value="amd64"/>
    <property name="java.io.tmpdir" value="C:\Users\LENOVO~1\AppData\Local\Temp\"/>
    <property name="line.separator" value="&#10;"/>
    <property name="java.vm.specification.vendor" value="Oracle Corporation"/>
    <property name="user.variant" value=""/>
    <property name="os.name" value="Windows 10"/>
    <property name="maven.ext.class.path" value="C:\Program Files\JetBrains\IntelliJ IDEA Community Edition 2022.2.2\plugins\maven\lib\maven-event-listener.jar"/>
    <property name="classworlds.conf" value="C:\Program Files\JetBrains\IntelliJ IDEA Community Edition 2022.2.2\plugins\maven\lib\maven3\bin\m2.conf"/>
    <property name="sun.jnu.encoding" value="Cp1252"/>
    <property name="java.library.path" value="C:\Program Files\Java\jdk1.8.0_121\bin;C:\WINDOWS\Sun\Java\bin;C:\WINDOWS\system32;C:\WINDOWS;C:\Program Files (x86)\Common Files\Oracle\Java\javapath;C:\ProgramData\Oracle\Java\javapath;C:\WINDOWS\system32;C:\WINDOWS;C:\WINDOWS\System32\Wbem;C:\WINDOWS\System32\WindowsPowerShell\v1.0\;C:\WINDOWS\System32\OpenSSH\;C:\Program Files\Java\jdk1.8.0_121\bin;C:\Program Files\Git\cmd;C:\Program Files\Apache\apache-maven-3.8.6\bin;C:\Program Files\nodejs\;C:\Users\lenovo x1 carbon\AppData\Local\Microsoft\WindowsApps;C:\Users\lenovo x1 carbon\AppData\Roaming\npm;."/>
    <property name="maven.conf" value="C:\Program Files\JetBrains\IntelliJ IDEA Community Edition 2022.2.2\plugins\maven\lib\maven3/conf"/>
    <property name="java.specification.name" value="Java Platform API Specification"/>
    <property name="java.class.version" value="52.0"/>
    <property name="sun.management.compiler" value="HotSpot 64-Bit Tiered Compilers"/>
    <property name="os.version" value="10.0"/>
    <property name="user.home" value="C:\Users\lenovo x1 carbon"/>
    <property name="user.timezone" value="Europe/London"/>
    <property name="java.awt.printerjob" value="sun.awt.windows.WPrinterJob"/>
    <property name="java.specification.version" value="1.8"/>
    <property name="file.encoding" value="UTF-8"/>
    <property name="user.name" value="lenovo x1 carbon"/>
    <property name="java.class.path" value="C:\Program Files\JetBrains\IntelliJ IDEA Community Edition 2022.2.2\plugins\maven\lib\maven3\boot\plexus-classworlds-2.6.0.jar;C:\Program Files\JetBrains\IntelliJ IDEA Community Edition 2022.2.2\plugins\maven\lib\maven3\boot\plexus-classworlds.license;C:\Program Files\JetBrains\IntelliJ IDEA Community Edition 2022.2.2\lib\idea_rt.jar"/>
    <property name="java.vm.specification.version" value="1.8"/>
    <property name="sun.arch.data.model" value="64"/>
    <property name="java.home" value="C:\Program Files\Java\jdk1.8.0_121\jre"/>
    <property name="sun.java.command" value="org.codehaus.classworlds.Launcher -Didea.version=2022.2.2 clean verify serenity:aggregate"/>
    <property name="java.specification.vendor" value="Oracle Corporation"/>
    <property name="user.language" value="en"/>
    <property name="awt.toolkit" value="sun.awt.windows.WToolkit"/>
    <property name="java.vm.info" value="mixed mode"/>
    <property name="java.version" value="1.8.0_121"/>
    <property name="java.ext.dirs" value="C:\Program Files\Java\jdk1.8.0_121\jre\lib\ext;C:\WINDOWS\Sun\Java\lib\ext"/>
    <property name="sun.boot.class.path" value="C:\Program Files\Java\jdk1.8.0_121\jre\lib\resources.jar;C:\Program Files\Java\jdk1.8.0_121\jre\lib\rt.jar;C:\Program Files\Java\jdk1.8.0_121\jre\lib\sunrsasign.jar;C:\Program Files\Java\jdk1.8.0_121\jre\lib\jsse.jar;C:\Program Files\Java\jdk1.8.0_121\jre\lib\jce.jar;C:\Program Files\Java\jdk1.8.0_121\jre\lib\charsets.jar;C:\Program Files\Java\jdk1.8.0_121\jre\lib\jfr.jar;C:\Program Files\Java\jdk1.8.0_121\jre\classes"/>
    <property name="java.vendor" value="Oracle Corporation"/>
    <property name="maven.home" value="C:\Program Files\JetBrains\IntelliJ IDEA Community Edition 2022.2.2\plugins\maven\lib\maven3"/>
    <property name="file.separator" value="\"/>
    <property name="java.vendor.url.bug" value="http://bugreport.sun.com/bugreport/"/>
    <property name="sun.cpu.endian" value="little"/>
    <property name="sun.io.unicode.encoding" value="UnicodeLittle"/>
    <property name="sun.desktop" value="windows"/>
    <property name="sun.cpu.isalist" value="amd64"/>
  </properties>
  <testcase name="Given As a user I create new user" classname="| Nrj | nrjptl@gmail.com | Male | Active |" time="0.002"/>
  <testcase name="When I create a new user by  information name &quot;Nrj&quot; email &quot;nrjptl@gmail.com&quot; gender &quot;Male&quot; status &quot;Active&quot;" classname="| Nrj | nrjptl@gmail.com | Male | Active |" time="0"/>
  <testcase name="Then I got valid status code" classname="| Nrj | nrjptl@gmail.com | Male | Active |" time="0"/>
  <testcase name="| Nrj | nrjptl@gmail.com | Male | Active |" classname="| Nrj | nrjptl@gmail.com | Male | Active |" time="0.845"/>
  <testcase name="When I get user information" classname="Scenario: Get User details" time="0"/>
  <testcase name="Then i verify valid status code" classname="Scenario: Get User details" time="0"/>
  <testcase name="Scenario: Get User details" classname="Scenario: Get User details" time="0.038"/>
  <testcase name="Given As a user I update user" classname="| Bruno | sidthabruno@gmail.com | Male | Active |" time="0"/>
  <testcase name="When Update user details by  the information name &quot;Bruno&quot; email &quot;sidthabruno@gmail.com&quot; gender &quot;Male&quot; status &quot;Active&quot;" classname="| Bruno | sidthabruno@gmail.com | Male | Active |" time="0"/>
  <testcase name="Then i verify code" classname="| Bruno | sidthabruno@gmail.com | Male | Active |" time="0"/>
  <testcase name="| Bruno | sidthabruno@gmail.com | Male | Active |" classname="| Bruno | sidthabruno@gmail.com | Male | Active |" time="0.04"/>
  <testcase name="When i deleted user successfully" classname="Scenario: Delete user details" time="0"/>
  <testcase name="Then I valid code" classname="Scenario: Delete user details" time="0"/>
  <testcase name="Scenario: Delete user details" classname="Scenario: Delete user details" time="0.032"/>
  <testcase name="Given As a user I create get and update and delete user" classname="| Abc | abc123@gmail.com | Male | Active |" time="0"/>
  <testcase name="When I create a new user by providing the information name &quot;Abc&quot; email &quot;abc123@gmail.com&quot; gender &quot;Male&quot; status &quot;Active&quot;" classname="| Abc | abc123@gmail.com | Male | Active |" time="0"/>
  <testcase name="And I get user information by id" classname="| Abc | abc123@gmail.com | Male | Active |" time="0"/>
  <testcase name="And Update user details by providing the information name &quot;Abc&quot; email &quot;abc123@gmail.com&quot; gender &quot;Male&quot; status &quot;Active&quot;" classname="| Abc | abc123@gmail.com | Male | Active |" time="0"/>
  <testcase name="Then The user id deleted successfully" classname="| Abc | abc123@gmail.com | Male | Active |" time="0"/>
  <testcase name="| Abc | abc123@gmail.com | Male | Active |" classname="| Abc | abc123@gmail.com | Male | Active |" time="0.053"/>
</testsuite>